<?xml version="1.0" encoding="UTF-8"?>
<testng-results ignored="0" total="1" passed="1" failed="0" skipped="0">
  <reporter-output>
  </reporter-output>
  <suite started-at="2024-04-07T20:37:49 CDT" name="Default suite" finished-at="2024-04-07T20:38:06 CDT" duration-ms="17405">
    <groups>
    </groups>
    <test started-at="2024-04-07T20:37:49 CDT" name="Default test" finished-at="2024-04-07T20:38:06 CDT" duration-ms="17405">
      <class name="test.NewCustomerTest">
        <test-method signature="userShouldBeAbleToAddNewCustomer()[pri:0, instance:test.NewCustomerTest@5b03b9fe]" started-at="2024-04-07T20:37:49 CDT" name="userShouldBeAbleToAddNewCustomer" finished-at="2024-04-07T20:38:06 CDT" duration-ms="17341" status="PASS">
          <reporter-output>
          </reporter-output>
        </test-method> <!-- userShouldBeAbleToAddNewCustomer -->
      </class> <!-- test.NewCustomerTest -->
    </test> <!-- Default test -->
  </suite> <!-- Default suite -->
</testng-results>
